<?xml version="1.0" encoding="UTF-8"?>
<!-- Generated by org.testng.reporters.JUnitReportReporter -->
<testsuite hostname="Ashwini-kumar" failures="0" tests="1" name="unitTestCase.TC06" time="0.010" errors="0" timestamp="2021-03-31T22:03:49 IST" skipped="0">
  <testcase classname="unitTestCase.TC06" name="RS1" time="0.010"/>
  <system-out/>
</testsuite> <!-- unitTestCase.TC06 -->
