<?xml version="1.0" encoding="UTF-8"?>
<!-- Generated by org.testng.reporters.JUnitReportReporter -->
<testsuite hostname="Ashwini-kumar" failures="0" tests="1" name="unitTestCase.TC11" time="0.031" errors="0" timestamp="2021-04-06T10:53:18 IST" skipped="0">
  <testcase classname="unitTestCase.TC11" name="RS1" time="0.031"/>
  <system-out/>
</testsuite> <!-- unitTestCase.TC11 -->
