<?xml version="1.0" encoding="UTF-8"?>
<!-- Generated by org.testng.reporters.JUnitReportReporter -->
<testsuite hostname="Ashwini-kumar" failures="0" tests="1" name="unitTestCase.TC04" time="10.317" errors="0" timestamp="2021-03-30T16:29:30 IST" skipped="0">
  <testcase classname="unitTestCase.TC04" name="LoginThrough_Database" time="10.317"/>
  <system-out/>
</testsuite> <!-- unitTestCase.TC04 -->
