<?xml version="1.0" encoding="UTF-8"?>
<!-- Generated by org.testng.reporters.JUnitReportReporter -->
<testsuite hostname="Ashwini-kumar" failures="0" tests="1" name="unitTestCase.TC02" time="19.111" errors="0" timestamp="2021-03-21T16:25:06 IST" skipped="0">
  <testcase classname="unitTestCase.TC02" name="LaunchApp2" time="19.111"/>
  <system-out/>
</testsuite> <!-- unitTestCase.TC02 -->
