<?xml version="1.0" encoding="UTF-8"?>
<!-- Generated by org.testng.reporters.JUnitReportReporter -->
<testsuite hostname="Ashwini-kumar" failures="0" tests="1" name="unitTestCase.TC08" time="0.017" errors="0" timestamp="2021-03-31T22:07:12 IST" skipped="0">
  <testcase classname="unitTestCase.TC08" name="RS1" time="0.017"/>
  <system-out/>
</testsuite> <!-- unitTestCase.TC08 -->
