<?xml version="1.0" encoding="UTF-8"?>
<!-- Generated by org.testng.reporters.JUnitReportReporter -->
<testsuite hostname="Ashwini-kumar" failures="0" tests="1" name="cucumberOptions.TestRunnerTestNG" time="10.194" errors="0" timestamp="2021-04-11T16:14:12 IST" skipped="0">
  <testcase classname="cucumberOptions.TestRunnerTestNG" name="feature" time="10.194"/>
  <system-out/>
</testsuite> <!-- cucumberOptions.TestRunnerTestNG -->
