<?xml version="1.0" encoding="UTF-8"?>
<!-- Generated by org.testng.reporters.JUnitReportReporter -->
<testsuite hostname="Ashwini-kumar" failures="0" tests="1" name="unitTestCase.TC05" time="0.013" errors="0" timestamp="2021-03-31T22:03:59 IST" skipped="0">
  <testcase classname="unitTestCase.TC05" name="RS1" time="0.013"/>
  <system-out/>
</testsuite> <!-- unitTestCase.TC05 -->
