<?xml version="1.0" encoding="UTF-8"?>
<!-- Generated by org.testng.reporters.JUnitReportReporter -->
<testsuite hostname="Ashwini-kumar" failures="0" tests="1" name="unitTestCase.TC01" time="10.692" errors="0" timestamp="2021-04-11T15:46:01 IST" skipped="0">
  <testcase classname="unitTestCase.TC01" name="LaunchApp" time="10.692"/>
  <system-out/>
</testsuite> <!-- unitTestCase.TC01 -->
