<?xml version="1.0" encoding="UTF-8"?>
<!-- Generated by org.testng.reporters.JUnitReportReporter -->
<testsuite hostname="Ashwini-kumar" failures="0" tests="1" name="unitTestCase.TC07" time="0.009" errors="0" timestamp="2021-03-31T22:04:37 IST" skipped="0">
  <testcase classname="unitTestCase.TC07" name="RS1" time="0.009"/>
  <system-out/>
</testsuite> <!-- unitTestCase.TC07 -->
